This file contains any messages produced by compilers while
running configure, to aid debugging if configure makes a mistake.

It was created by Cuba configure 3.2, which was
generated by GNU Autoconf 2.69.  Invocation command line was

  $ ./configure --with-maxdim=6 --with-maxcomp=1

## --------- ##
## Platform. ##
## --------- ##

hostname = peveMBP17.local
uname -m = x86_64
uname -r = 18.7.0
uname -s = Darwin
uname -v = Darwin Kernel Version 18.7.0: Tue Aug 20 16:57:14 PDT 2019; root:xnu-4903.271.2~2/RELEASE_X86_64

/usr/bin/uname -p = i386
/bin/uname -X     = unknown

/bin/arch              = unknown
/usr/bin/arch -k       = unknown
/usr/convex/getsysinfo = unknown
/usr/bin/hostinfo      = Mach kernel version:
	 Darwin Kernel Version 18.7.0: Tue Aug 20 16:57:14 PDT 2019; root:xnu-4903.271.2~2/RELEASE_X86_64
Kernel configured for up to 4 processors.
2 processors are physically available.
4 processors are logically available.
Processor type: x86_64h (Intel x86-64h Haswell)
Processors active: 0 1 2 3
Primary memory available: 16.00 gigabytes
Default processor set: 521 tasks, 2154 threads, 4 processors
Load average: 6.96, Mach factor: 0.92
/bin/machine           = unknown
/usr/bin/oslevel       = unknown
/bin/universe          = unknown

PATH: /Users/peve/anaconda/bin
PATH: /Library/Frameworks/Python.framework/Versions/Current/bin
PATH: /Users/peve/gpaw/tools
PATH: /usr/local/bin
PATH: /usr/bin
PATH: /bin
PATH: /usr/sbin
PATH: /sbin
PATH: /Library/TeX/texbin
PATH: /opt/X11/bin
PATH: /Library/Frameworks/Maple.framework/Versions/Current/bin


## ----------- ##
## Core tests. ##
## ----------- ##

configure:1976: checking for gcc
configure:1992: found /usr/bin/gcc
configure:2003: result: gcc
configure:2232: checking for C compiler version
configure:2241: gcc --version >&5
Apple LLVM version 10.0.1 (clang-1001.0.46.4)
Target: x86_64-apple-darwin18.7.0
Thread model: posix
InstalledDir: /Library/Developer/CommandLineTools/usr/bin
Configured with: --prefix=/Library/Developer/CommandLineTools/usr --with-gxx-include-dir=/Library/Developer/CommandLineTools/SDKs/MacOSX10.14.sdk/usr/include/c++/4.2.1
configure:2252: $? = 0
configure:2241: gcc -v >&5
Configured with: --prefix=/Library/Developer/CommandLineTools/usr --with-gxx-include-dir=/Library/Developer/CommandLineTools/SDKs/MacOSX10.14.sdk/usr/include/c++/4.2.1
Apple LLVM version 10.0.1 (clang-1001.0.46.4)
Target: x86_64-apple-darwin18.7.0
Thread model: posix
InstalledDir: /Library/Developer/CommandLineTools/usr/bin
configure:2252: $? = 0
configure:2241: gcc -V >&5
clang: error: unsupported option '-V -Wno-atomic-implicit-seq-cst'
clang: error: no input files
configure:2252: $? = 1
configure:2241: gcc -qversion >&5
clang: error: unknown argument '-qversion', did you mean '--version'?
clang: error: no input files
configure:2252: $? = 1
configure:2272: checking whether the C compiler works
configure:2294: gcc    conftest.c -lm >&5
configure:2298: $? = 0
configure:2346: result: yes
configure:2349: checking for C compiler default output file name
configure:2351: result: a.out
configure:2357: checking for suffix of executables
configure:2364: gcc -o conftest    conftest.c -lm >&5
configure:2368: $? = 0
configure:2390: result: 
configure:2412: checking whether we are cross compiling
configure:2420: gcc -o conftest    conftest.c -lm >&5
configure:2424: $? = 0
configure:2431: ./conftest
configure:2435: $? = 0
configure:2450: result: no
configure:2455: checking for suffix of object files
configure:2477: gcc -c   conftest.c >&5
configure:2481: $? = 0
configure:2502: result: o
configure:2506: checking whether we are using the GNU C compiler
configure:2525: gcc -c   conftest.c >&5
configure:2525: $? = 0
configure:2534: result: yes
configure:2543: checking whether gcc accepts -g
configure:2563: gcc -c -g  conftest.c >&5
configure:2563: $? = 0
configure:2604: result: yes
configure:2621: checking for gcc option to accept ISO C89
configure:2684: gcc  -c -g -O2  conftest.c >&5
configure:2684: $? = 0
configure:2697: result: none needed
configure:2770: checking for g77
configure:2800: result: no
configure:2770: checking for xlf
configure:2800: result: no
configure:2770: checking for f77
configure:2800: result: no
configure:2770: checking for frt
configure:2800: result: no
configure:2770: checking for pgf77
configure:2800: result: no
configure:2770: checking for cf77
configure:2800: result: no
configure:2770: checking for fort77
configure:2800: result: no
configure:2770: checking for fl32
configure:2800: result: no
configure:2770: checking for af77
configure:2800: result: no
configure:2770: checking for xlf90
configure:2800: result: no
configure:2770: checking for f90
configure:2800: result: no
configure:2770: checking for pgf90
configure:2800: result: no
configure:2770: checking for pghpf
configure:2800: result: no
configure:2770: checking for epcf90
configure:2800: result: no
configure:2770: checking for gfortran
configure:2786: found /usr/local/bin/gfortran
configure:2797: result: gfortran
configure:2823: checking for Fortran 77 compiler version
configure:2832: gfortran --version >&5
GNU Fortran (GCC) 5.0.0 20141012 (experimental)
Copyright (C) 2014 Free Software Foundation, Inc.

GNU Fortran comes with NO WARRANTY, to the extent permitted by law.
You may redistribute copies of GNU Fortran
under the terms of the GNU General Public License.
For more information about these matters, see the file named COPYING

configure:2843: $? = 0
configure:2832: gfortran -v >&5
Using built-in specs.
COLLECT_GCC=gfortran
COLLECT_LTO_WRAPPER=/usr/local/libexec/gcc/x86_64-apple-darwin13.4.0/5.0.0/lto-wrapper
Target: x86_64-apple-darwin13.4.0
Configured with: ../gcc-5-20141012/configure --enable-languages=c++,fortran
Thread model: posix
gcc version 5.0.0 20141012 (experimental) (GCC) 

configure:2843: $? = 0
configure:2832: gfortran -V >&5
gfortran: error: unrecognized command line option '-V'
gfortran: fatal error: no input files
compilation terminated.
configure:2843: $? = 1
configure:2832: gfortran -qversion >&5
gfortran: error: unrecognized command line option '-qversion'
gfortran: fatal error: no input files
compilation terminated.
configure:2843: $? = 1
configure:2852: checking whether we are using the GNU Fortran 77 compiler
configure:2865: gfortran -c  conftest.F >&5
configure:2865: $? = 0
configure:2874: result: yes
configure:2880: checking whether gfortran accepts -g
configure:2891: gfortran -c -g conftest.f >&5
configure:2891: $? = 0
configure:2899: result: yes
configure:2971: checking for ranlib
configure:2987: found /usr/bin/ranlib
configure:2998: result: ranlib
configure:3063: checking for a BSD-compatible install
configure:3131: result: /usr/bin/install -c
configure:3158: checking for an ANSI C-conforming const
configure:3224: gcc -c -O3 -fomit-frame-pointer -ffast-math -Wall  conftest.c >&5
configure:3224: $? = 0
configure:3231: result: yes
configure:3239: checking for inline
configure:3255: gcc -c -O3 -fomit-frame-pointer -ffast-math -Wall  conftest.c >&5
conftest.c:11:21: warning: unused function 'static_foo' [-Wunused-function]
static inline foo_t static_foo () {return 0; }
                    ^
1 warning generated.
configure:3255: $? = 0
configure:3263: result: inline
configure:3283: checking for long double with more range or precision than double
configure:3319: gcc -c -O3 -fomit-frame-pointer -ffast-math -Wall  conftest.c >&5
configure:3319: $? = 0
configure:3326: result: yes
configure:3344: checking for powl
configure:3344: gcc -o conftest -O3 -fomit-frame-pointer -ffast-math -Wall   conftest.c -lm >&5
conftest.c:34:6: warning: incompatible redeclaration of library function 'powl' [-Wincompatible-library-redeclaration]
char powl ();
     ^
conftest.c:34:6: note: 'powl' is a builtin with type 'long double (long double, long double)'
1 warning generated.
configure:3344: $? = 0
configure:3344: result: yes
configure:3355: checking for erf
configure:3355: gcc -o conftest -O3 -fomit-frame-pointer -ffast-math -Wall   conftest.c -lm >&5
conftest.c:35:6: warning: incompatible redeclaration of library function 'erf' [-Wincompatible-library-redeclaration]
char erf ();
     ^
conftest.c:35:6: note: 'erf' is a builtin with type 'double (double)'
1 warning generated.
configure:3355: $? = 0
configure:3355: result: yes
configure:3366: checking for fork
configure:3366: gcc -o conftest -O3 -fomit-frame-pointer -ffast-math -Wall   conftest.c -lm >&5
configure:3366: $? = 0
configure:3366: result: yes
configure:3381: checking build system type
configure:3395: result: x86_64-apple-darwin18.7.0
configure:3415: checking host system type
configure:3428: result: x86_64-apple-darwin18.7.0
configure:3455: checking for shmget
configure:3455: gcc -o conftest -O3 -fomit-frame-pointer -ffast-math -Wall   conftest.c -lm >&5
configure:3455: $? = 0
configure:3455: result: yes
configure:3468: checking for getloadavg
configure:3468: gcc -o conftest -O3 -fomit-frame-pointer -ffast-math -Wall   conftest.c -lm >&5
configure:3468: $? = 0
configure:3468: result: yes
configure:3494: checking for variable-size arrays
configure:3500: gcc -c -O3 -fomit-frame-pointer -ffast-math -Wall  conftest.c >&5
configure:3500: $? = 0
configure:3501: result: yes
configure:3520: checking for MathLink
configure:3544: result: yes
configure:3557: checking for qmake
configure:3573: found /Users/peve/anaconda/bin/qmake
configure:3584: result: qmake
configure:3720: creating ./config.status

## ---------------------- ##
## Running config.status. ##
## ---------------------- ##

This file was extended by Cuba config.status 3.2, which was
generated by GNU Autoconf 2.69.  Invocation command line was

  CONFIG_FILES    = 
  CONFIG_HEADERS  = 
  CONFIG_LINKS    = 
  CONFIG_COMMANDS = 
  $ ./config.status 

on peveMBP17.local

config.status:812: creating makefile
config.status:812: creating config.h
config.status:987: config.h is unchanged

## ---------------- ##
## Cache variables. ##
## ---------------- ##

ac_cv_build=x86_64-apple-darwin18.7.0
ac_cv_c_compiler_gnu=yes
ac_cv_c_const=yes
ac_cv_c_inline=inline
ac_cv_c_long_double=yes
ac_cv_env_CC_set=
ac_cv_env_CC_value=
ac_cv_env_CFLAGS_set=
ac_cv_env_CFLAGS_value=
ac_cv_env_CPPFLAGS_set=
ac_cv_env_CPPFLAGS_value=
ac_cv_env_F77_set=
ac_cv_env_F77_value=
ac_cv_env_FFLAGS_set=
ac_cv_env_FFLAGS_value=
ac_cv_env_LDFLAGS_set=
ac_cv_env_LDFLAGS_value=
ac_cv_env_LIBS_set=
ac_cv_env_LIBS_value=
ac_cv_env_MCFLAGS_set=
ac_cv_env_MCFLAGS_value=
ac_cv_env_build_alias_set=
ac_cv_env_build_alias_value=
ac_cv_env_host_alias_set=
ac_cv_env_host_alias_value=
ac_cv_env_target_alias_set=
ac_cv_env_target_alias_value=
ac_cv_f77_compiler_gnu=yes
ac_cv_func_erf=yes
ac_cv_func_fork=yes
ac_cv_func_getloadavg=yes
ac_cv_func_powl=yes
ac_cv_func_shmget=yes
ac_cv_host=x86_64-apple-darwin18.7.0
ac_cv_objext=o
ac_cv_path_install='/usr/bin/install -c'
ac_cv_prog_HAVE_QMAKE=qmake
ac_cv_prog_ac_ct_CC=gcc
ac_cv_prog_ac_ct_F77=gfortran
ac_cv_prog_ac_ct_RANLIB=ranlib
ac_cv_prog_cc_c89=
ac_cv_prog_cc_g=yes
ac_cv_prog_f77_g=yes
ac_cv_type_long_double_wider=yes

## ----------------- ##
## Output variables. ##
## ----------------- ##

CC='gcc'
CFLAGS='-O3 -fomit-frame-pointer -ffast-math -Wall'
CPPFLAGS=''
DEFS='-DHAVE_CONFIG_H'
DEMO_FORTRAN_DEFAULT='demo-fortran'
ECHO_C='\c'
ECHO_N=''
ECHO_T=''
EXEEXT=''
F77='gfortran'
FFLAGS='-g -O2'
HAVE_QMAKE='qmake'
INSTALL_DATA='${INSTALL} -m 644'
INSTALL_PROGRAM='${INSTALL}'
INSTALL_SCRIPT='${INSTALL}'
LDFLAGS=''
LIBOBJS=''
LIBS='-lm'
LTLIBOBJS=''
MATH_DEFAULT='math'
MCFLAGS=''
OBJEXT='o'
PACKAGE_BUGREPORT='hahn@feynarts.de'
PACKAGE_NAME='Cuba'
PACKAGE_STRING='Cuba 3.2'
PACKAGE_TARNAME='cuba'
PACKAGE_URL=''
PACKAGE_VERSION='3.2'
PATH_SEPARATOR=':'
RANLIB='ranlib'
SHELL='/bin/sh'
TOOLS_DEFAULT='tools'
ac_ct_CC='gcc'
ac_ct_F77='gfortran'
bindir='${exec_prefix}/bin'
build='x86_64-apple-darwin18.7.0'
build_alias=''
build_cpu='x86_64'
build_os='darwin18.7.0'
build_vendor='apple'
datadir='${datarootdir}'
datarootdir='${prefix}/share'
docdir='${datarootdir}/doc/${PACKAGE_TARNAME}'
dvidir='${docdir}'
exec_prefix='${prefix}'
host='x86_64-apple-darwin18.7.0'
host_alias=''
host_cpu='x86_64'
host_os='darwin18.7.0'
host_vendor='apple'
htmldir='${docdir}'
includedir='${prefix}/include'
infodir='${datarootdir}/info'
libdir='${exec_prefix}/lib'
libexecdir='${exec_prefix}/libexec'
localedir='${datarootdir}/locale'
localstatedir='${prefix}/var'
mandir='${datarootdir}/man'
oldincludedir='/usr/include'
pdfdir='${docdir}'
prefix='/usr/local'
program_transform_name='s,x,x,'
psdir='${docdir}'
sbindir='${exec_prefix}/sbin'
sharedstatedir='${prefix}/com'
sysconfdir='${prefix}/etc'
target_alias=''

## ----------- ##
## confdefs.h. ##
## ----------- ##

/* confdefs.h */
#define PACKAGE_NAME "Cuba"
#define PACKAGE_TARNAME "cuba"
#define PACKAGE_VERSION "3.2"
#define PACKAGE_STRING "Cuba 3.2"
#define PACKAGE_BUGREPORT "hahn@feynarts.de"
#define PACKAGE_URL ""
#define HAVE_LONG_DOUBLE_WIDER 1
#define HAVE_LONG_DOUBLE 1
#define HAVE_POWL 1
#define HAVE_ERF 1
#define HAVE_FORK 1
#define HAVE_SHMGET 1
#define HAVE_GETLOADAVG 1

configure: exit 0
